{"C:\\Users\\mertk\\Documents\\Decktopus\\app.js": {"path":"C:\\Users\\mertk\\Documents\\Decktopus\\app.js","statementMap":{"0":{"start":{"line":2,"column":16},"end":{"line":2,"column":34}},"1":{"start":{"line":3,"column":12},"end":{"line":3,"column":21}},"2":{"start":{"line":4,"column":27},"end":{"line":4,"column":65}},"3":{"start":{"line":5,"column":13},"end":{"line":5,"column":28}},"4":{"start":{"line":6,"column":0},"end":{"line":6,"column":27}},"5":{"start":{"line":7,"column":18},"end":{"line":7,"column":36}},"6":{"start":{"line":8,"column":13},"end":{"line":8,"column":28}},"7":{"start":{"line":11,"column":0},"end":{"line":11,"column":16}},"8":{"start":{"line":12,"column":0},"end":{"line":12,"column":24}},"9":{"start":{"line":13,"column":0},"end":{"line":13,"column":48}},"10":{"start":{"line":16,"column":0},"end":{"line":16,"column":69}},"11":{"start":{"line":19,"column":0},"end":{"line":19,"column":33}},"12":{"start":{"line":22,"column":0},"end":{"line":26,"column":3}},"13":{"start":{"line":23,"column":2},"end":{"line":23,"column":55}},"14":{"start":{"line":25,"column":2},"end":{"line":25,"column":59}},"15":{"start":{"line":28,"column":15},"end":{"line":28,"column":39}},"16":{"start":{"line":29,"column":2},"end":{"line":31,"column":5}},"17":{"start":{"line":30,"column":4},"end":{"line":30,"column":50}},"18":{"start":{"line":33,"column":0},"end":{"line":33,"column":21}}},"fnMap":{"0":{"name":"(anonymous_0)","decl":{"start":{"line":22,"column":22},"end":{"line":22,"column":23}},"loc":{"start":{"line":22,"column":28},"end":{"line":24,"column":1}},"line":22},"1":{"name":"(anonymous_1)","decl":{"start":{"line":24,"column":9},"end":{"line":24,"column":10}},"loc":{"start":{"line":24,"column":18},"end":{"line":26,"column":1}},"line":24},"2":{"name":"(anonymous_2)","decl":{"start":{"line":29,"column":19},"end":{"line":29,"column":20}},"loc":{"start":{"line":29,"column":25},"end":{"line":31,"column":3}},"line":29}},"branchMap":{"0":{"loc":{"start":{"line":28,"column":15},"end":{"line":28,"column":39}},"type":"binary-expr","locations":[{"start":{"line":28,"column":15},"end":{"line":28,"column":31}},{"start":{"line":28,"column":35},"end":{"line":28,"column":39}}],"line":28}},"s":{"0":1,"1":1,"2":1,"3":1,"4":1,"5":1,"6":1,"7":1,"8":1,"9":1,"10":1,"11":1,"12":1,"13":1,"14":0,"15":1,"16":1,"17":1,"18":1},"f":{"0":1,"1":0,"2":1},"b":{"0":[1,0]},"_coverageSchema":"1a1c01bbd47fc00a2c39e90264f33305004495a9","hash":"716deb698e14a52a02cbe986da7dd211433e1616"}
,"C:\\Users\\mertk\\Documents\\Decktopus\\controllers\\presentationController.js": {"path":"C:\\Users\\mertk\\Documents\\Decktopus\\controllers\\presentationController.js","statementMap":{"0":{"start":{"line":1,"column":21},"end":{"line":1,"column":59}},"1":{"start":{"line":2,"column":13},"end":{"line":2,"column":28}},"2":{"start":{"line":3,"column":11},"end":{"line":3,"column":24}},"3":{"start":{"line":6,"column":0},"end":{"line":13,"column":2}},"4":{"start":{"line":7,"column":2},"end":{"line":12,"column":3}},"5":{"start":{"line":8,"column":26},"end":{"line":8,"column":54}},"6":{"start":{"line":9,"column":4},"end":{"line":9,"column":40}},"7":{"start":{"line":11,"column":4},"end":{"line":11,"column":49}},"8":{"start":{"line":16,"column":0},"end":{"line":28,"column":2}},"9":{"start":{"line":17,"column":28},"end":{"line":17,"column":54}},"10":{"start":{"line":18,"column":26},"end":{"line":18,"column":50}},"11":{"start":{"line":19,"column":26},"end":{"line":19,"column":61}},"12":{"start":{"line":20,"column":28},"end":{"line":20,"column":38}},"13":{"start":{"line":21,"column":2},"end":{"line":27,"column":3}},"14":{"start":{"line":22,"column":28},"end":{"line":22,"column":129}},"15":{"start":{"line":23,"column":4},"end":{"line":23,"column":42}},"16":{"start":{"line":25,"column":4},"end":{"line":25,"column":20}},"17":{"start":{"line":26,"column":4},"end":{"line":26,"column":49}},"18":{"start":{"line":31,"column":0},"end":{"line":48,"column":2}},"19":{"start":{"line":32,"column":17},"end":{"line":32,"column":27}},"20":{"start":{"line":33,"column":16},"end":{"line":33,"column":42}},"21":{"start":{"line":34,"column":28},"end":{"line":34,"column":54}},"22":{"start":{"line":36,"column":2},"end":{"line":47,"column":3}},"23":{"start":{"line":37,"column":25},"end":{"line":37,"column":56}},"24":{"start":{"line":38,"column":4},"end":{"line":38,"column":90}},"25":{"start":{"line":38,"column":23},"end":{"line":38,"column":90}},"26":{"start":{"line":40,"column":4},"end":{"line":40,"column":42}},"27":{"start":{"line":41,"column":4},"end":{"line":41,"column":55}},"28":{"start":{"line":42,"column":4},"end":{"line":42,"column":30}},"29":{"start":{"line":44,"column":4},"end":{"line":44,"column":39}},"30":{"start":{"line":46,"column":4},"end":{"line":46,"column":49}},"31":{"start":{"line":51,"column":0},"end":{"line":75,"column":2}},"32":{"start":{"line":52,"column":17},"end":{"line":52,"column":27}},"33":{"start":{"line":54,"column":2},"end":{"line":74,"column":3}},"34":{"start":{"line":55,"column":25},"end":{"line":55,"column":56}},"35":{"start":{"line":56,"column":4},"end":{"line":56,"column":90}},"36":{"start":{"line":56,"column":23},"end":{"line":56,"column":90}},"37":{"start":{"line":59,"column":4},"end":{"line":67,"column":5}},"38":{"start":{"line":60,"column":28},"end":{"line":60,"column":93}},"39":{"start":{"line":61,"column":6},"end":{"line":66,"column":7}},"40":{"start":{"line":62,"column":8},"end":{"line":62,"column":37}},"41":{"start":{"line":64,"column":8},"end":{"line":64,"column":61}},"42":{"start":{"line":69,"column":4},"end":{"line":69,"column":33}},"43":{"start":{"line":70,"column":4},"end":{"line":70,"column":75}},"44":{"start":{"line":72,"column":4},"end":{"line":72,"column":55}},"45":{"start":{"line":73,"column":4},"end":{"line":73,"column":49}}},"fnMap":{"0":{"name":"(anonymous_0)","decl":{"start":{"line":6,"column":27},"end":{"line":6,"column":28}},"loc":{"start":{"line":6,"column":47},"end":{"line":13,"column":1}},"line":6},"1":{"name":"(anonymous_1)","decl":{"start":{"line":16,"column":29},"end":{"line":16,"column":30}},"loc":{"start":{"line":16,"column":49},"end":{"line":28,"column":1}},"line":16},"2":{"name":"(anonymous_2)","decl":{"start":{"line":31,"column":29},"end":{"line":31,"column":30}},"loc":{"start":{"line":31,"column":49},"end":{"line":48,"column":1}},"line":31},"3":{"name":"(anonymous_3)","decl":{"start":{"line":51,"column":29},"end":{"line":51,"column":30}},"loc":{"start":{"line":51,"column":49},"end":{"line":75,"column":1}},"line":51}},"branchMap":{"0":{"loc":{"start":{"line":19,"column":26},"end":{"line":19,"column":61}},"type":"cond-expr","locations":[{"start":{"line":19,"column":37},"end":{"line":19,"column":54}},{"start":{"line":19,"column":57},"end":{"line":19,"column":61}}],"line":19},"1":{"loc":{"start":{"line":38,"column":4},"end":{"line":38,"column":90}},"type":"if","locations":[{"start":{"line":38,"column":4},"end":{"line":38,"column":90}},{"start":{},"end":{}}],"line":38},"2":{"loc":{"start":{"line":56,"column":4},"end":{"line":56,"column":90}},"type":"if","locations":[{"start":{"line":56,"column":4},"end":{"line":56,"column":90}},{"start":{},"end":{}}],"line":56},"3":{"loc":{"start":{"line":59,"column":4},"end":{"line":67,"column":5}},"type":"if","locations":[{"start":{"line":59,"column":4},"end":{"line":67,"column":5}},{"start":{},"end":{}}],"line":59}},"s":{"0":1,"1":1,"2":1,"3":1,"4":2,"5":2,"6":1,"7":1,"8":1,"9":2,"10":2,"11":2,"12":2,"13":2,"14":2,"15":1,"16":1,"17":1,"18":1,"19":3,"20":3,"21":3,"22":3,"23":3,"24":3,"25":1,"26":2,"27":2,"28":2,"29":0,"30":2,"31":1,"32":3,"33":3,"34":3,"35":3,"36":1,"37":2,"38":0,"39":0,"40":0,"41":0,"42":2,"43":1,"44":1,"45":1},"f":{"0":2,"1":2,"2":3,"3":3},"b":{"0":[0,2],"1":[1,2],"2":[1,2],"3":[0,2]},"_coverageSchema":"1a1c01bbd47fc00a2c39e90264f33305004495a9","hash":"95f29f33833cf635e8de27ccb9e36ee08513a891"}
,"C:\\Users\\mertk\\Documents\\Decktopus\\db\\db.js": {"path":"C:\\Users\\mertk\\Documents\\Decktopus\\db\\db.js","statementMap":{"0":{"start":{"line":1,"column":22},"end":{"line":1,"column":42}},"1":{"start":{"line":2,"column":0},"end":{"line":2,"column":27}},"2":{"start":{"line":5,"column":18},"end":{"line":9,"column":2}},"3":{"start":{"line":11,"column":0},"end":{"line":11,"column":27}}},"fnMap":{},"branchMap":{},"s":{"0":2,"1":2,"2":2,"3":2},"f":{},"b":{},"_coverageSchema":"1a1c01bbd47fc00a2c39e90264f33305004495a9","hash":"6725c6da806b7c6d124716c06834d9a672c6d831"}
,"C:\\Users\\mertk\\Documents\\Decktopus\\models\\index.js": {"path":"C:\\Users\\mertk\\Documents\\Decktopus\\models\\index.js","statementMap":{"0":{"start":{"line":3,"column":11},"end":{"line":3,"column":24}},"1":{"start":{"line":4,"column":13},"end":{"line":4,"column":28}},"2":{"start":{"line":5,"column":18},"end":{"line":5,"column":38}},"3":{"start":{"line":6,"column":16},"end":{"line":6,"column":34}},"4":{"start":{"line":7,"column":17},"end":{"line":7,"column":42}},"5":{"start":{"line":8,"column":12},"end":{"line":8,"column":49}},"6":{"start":{"line":9,"column":15},"end":{"line":9,"column":65}},"7":{"start":{"line":10,"column":11},"end":{"line":10,"column":13}},"8":{"start":{"line":13,"column":0},"end":{"line":17,"column":1}},"9":{"start":{"line":14,"column":2},"end":{"line":14,"column":74}},"10":{"start":{"line":16,"column":2},"end":{"line":16,"column":87}},"11":{"start":{"line":19,"column":0},"end":{"line":32,"column":5}},"12":{"start":{"line":22,"column":4},"end":{"line":27,"column":6}},"13":{"start":{"line":30,"column":18},"end":{"line":30,"column":85}},"14":{"start":{"line":31,"column":4},"end":{"line":31,"column":36}},"15":{"start":{"line":34,"column":0},"end":{"line":34,"column":25}},"16":{"start":{"line":35,"column":0},"end":{"line":35,"column":25}},"17":{"start":{"line":37,"column":0},"end":{"line":37,"column":20}}},"fnMap":{"0":{"name":"(anonymous_0)","decl":{"start":{"line":21,"column":10},"end":{"line":21,"column":11}},"loc":{"start":{"line":21,"column":18},"end":{"line":28,"column":3}},"line":21},"1":{"name":"(anonymous_1)","decl":{"start":{"line":29,"column":11},"end":{"line":29,"column":12}},"loc":{"start":{"line":29,"column":19},"end":{"line":32,"column":3}},"line":29}},"branchMap":{"0":{"loc":{"start":{"line":8,"column":12},"end":{"line":8,"column":49}},"type":"binary-expr","locations":[{"start":{"line":8,"column":12},"end":{"line":8,"column":32}},{"start":{"line":8,"column":36},"end":{"line":8,"column":49}}],"line":8},"1":{"loc":{"start":{"line":13,"column":0},"end":{"line":17,"column":1}},"type":"if","locations":[{"start":{"line":13,"column":0},"end":{"line":17,"column":1}},{"start":{"line":15,"column":7},"end":{"line":17,"column":1}}],"line":13},"2":{"loc":{"start":{"line":23,"column":6},"end":{"line":26,"column":37}},"type":"binary-expr","locations":[{"start":{"line":23,"column":6},"end":{"line":23,"column":29}},{"start":{"line":24,"column":6},"end":{"line":24,"column":23}},{"start":{"line":25,"column":6},"end":{"line":25,"column":30}},{"start":{"line":26,"column":6},"end":{"line":26,"column":37}}],"line":23}},"s":{"0":1,"1":1,"2":1,"3":1,"4":1,"5":1,"6":1,"7":1,"8":1,"9":0,"10":1,"11":1,"12":2,"13":1,"14":1,"15":1,"16":1,"17":1},"f":{"0":2,"1":1},"b":{"0":[1,0],"1":[0,1],"2":[2,2,1,1]},"_coverageSchema":"1a1c01bbd47fc00a2c39e90264f33305004495a9","hash":"ab6c55cf9bc37da108746f7d9e88aabdbb90b1f9"}
,"C:\\Users\\mertk\\Documents\\Decktopus\\models\\presentationModel.js": {"path":"C:\\Users\\mertk\\Documents\\Decktopus\\models\\presentationModel.js","statementMap":{"0":{"start":{"line":2,"column":33},"end":{"line":2,"column":53}},"1":{"start":{"line":3,"column":18},"end":{"line":3,"column":37}},"2":{"start":{"line":4,"column":15},"end":{"line":4,"column":41}},"3":{"start":{"line":6,"column":21},"end":{"line":27,"column":2}},"4":{"start":{"line":29,"column":0},"end":{"line":29,"column":30}}},"fnMap":{},"branchMap":{},"s":{"0":1,"1":1,"2":1,"3":1,"4":1},"f":{},"b":{},"_coverageSchema":"1a1c01bbd47fc00a2c39e90264f33305004495a9","hash":"e45e0e3bf8f0f7c196bf6121eb88bcf5d2dddb69"}
,"C:\\Users\\mertk\\Documents\\Decktopus\\routes\\presentationRoutes.js": {"path":"C:\\Users\\mertk\\Documents\\Decktopus\\routes\\presentationRoutes.js","statementMap":{"0":{"start":{"line":1,"column":16},"end":{"line":1,"column":34}},"1":{"start":{"line":2,"column":15},"end":{"line":2,"column":31}},"2":{"start":{"line":3,"column":31},"end":{"line":3,"column":79}},"3":{"start":{"line":4,"column":15},"end":{"line":4,"column":32}},"4":{"start":{"line":5,"column":11},"end":{"line":5,"column":24}},"5":{"start":{"line":6,"column":13},"end":{"line":6,"column":28}},"6":{"start":{"line":9,"column":18},"end":{"line":9,"column":52}},"7":{"start":{"line":10,"column":0},"end":{"line":12,"column":1}},"8":{"start":{"line":11,"column":2},"end":{"line":11,"column":47}},"9":{"start":{"line":15,"column":16},"end":{"line":22,"column":2}},"10":{"start":{"line":17,"column":4},"end":{"line":17,"column":24}},"11":{"start":{"line":20,"column":4},"end":{"line":20,"column":51}},"12":{"start":{"line":23,"column":15},"end":{"line":23,"column":34}},"13":{"start":{"line":26,"column":0},"end":{"line":26,"column":70}},"14":{"start":{"line":27,"column":0},"end":{"line":27,"column":107}},"15":{"start":{"line":28,"column":0},"end":{"line":28,"column":76}},"16":{"start":{"line":29,"column":0},"end":{"line":29,"column":79}},"17":{"start":{"line":31,"column":0},"end":{"line":31,"column":24}}},"fnMap":{"0":{"name":"(anonymous_0)","decl":{"start":{"line":16,"column":15},"end":{"line":16,"column":16}},"loc":{"start":{"line":16,"column":34},"end":{"line":18,"column":3}},"line":16},"1":{"name":"(anonymous_1)","decl":{"start":{"line":19,"column":12},"end":{"line":19,"column":13}},"loc":{"start":{"line":19,"column":31},"end":{"line":21,"column":3}},"line":19}},"branchMap":{"0":{"loc":{"start":{"line":10,"column":0},"end":{"line":12,"column":1}},"type":"if","locations":[{"start":{"line":10,"column":0},"end":{"line":12,"column":1}},{"start":{},"end":{}}],"line":10}},"s":{"0":1,"1":1,"2":1,"3":1,"4":1,"5":1,"6":1,"7":1,"8":0,"9":1,"10":0,"11":0,"12":1,"13":1,"14":1,"15":1,"16":1,"17":1},"f":{"0":0,"1":0},"b":{"0":[0,1]},"_coverageSchema":"1a1c01bbd47fc00a2c39e90264f33305004495a9","hash":"816d53dfdfd056b2954caa31d692b1f88e802600"}
}
