TN:
SF:app.js
FN:22,(anonymous_0)
FN:24,(anonymous_1)
FN:29,(anonymous_2)
FNF:3
FNH:2
FNDA:1,(anonymous_0)
FNDA:0,(anonymous_1)
FNDA:1,(anonymous_2)
DA:2,1
DA:3,1
DA:4,1
DA:5,1
DA:6,1
DA:7,1
DA:8,1
DA:11,1
DA:12,1
DA:13,1
DA:16,1
DA:19,1
DA:22,1
DA:23,1
DA:25,0
DA:28,1
DA:29,1
DA:30,1
DA:33,1
LF:19
LH:18
BRDA:28,0,0,1
BRDA:28,0,1,0
BRF:2
BRH:1
end_of_record
TN:
SF:controllers\presentationController.js
FN:6,(anonymous_0)
FN:16,(anonymous_1)
FN:31,(anonymous_2)
FN:51,(anonymous_3)
FNF:4
FNH:4
FNDA:2,(anonymous_0)
FNDA:2,(anonymous_1)
FNDA:3,(anonymous_2)
FNDA:3,(anonymous_3)
DA:1,1
DA:2,1
DA:3,1
DA:6,1
DA:7,2
DA:8,2
DA:9,1
DA:11,1
DA:16,1
DA:17,2
DA:18,2
DA:19,2
DA:20,2
DA:21,2
DA:22,2
DA:23,1
DA:25,1
DA:26,1
DA:31,1
DA:32,3
DA:33,3
DA:34,3
DA:36,3
DA:37,3
DA:38,3
DA:40,2
DA:41,2
DA:42,2
DA:44,0
DA:46,2
DA:51,1
DA:52,3
DA:54,3
DA:55,3
DA:56,3
DA:59,2
DA:60,0
DA:61,0
DA:62,0
DA:64,0
DA:69,2
DA:70,1
DA:72,1
DA:73,1
LF:44
LH:39
BRDA:19,0,0,0
BRDA:19,0,1,2
BRDA:38,1,0,1
BRDA:38,1,1,2
BRDA:56,2,0,1
BRDA:56,2,1,2
BRDA:59,3,0,0
BRDA:59,3,1,2
BRF:8
BRH:6
end_of_record
TN:
SF:db\db.js
FNF:0
FNH:0
DA:1,2
DA:2,2
DA:5,2
DA:11,2
LF:4
LH:4
BRF:0
BRH:0
end_of_record
TN:
SF:models\index.js
FN:21,(anonymous_0)
FN:29,(anonymous_1)
FNF:2
FNH:2
FNDA:2,(anonymous_0)
FNDA:1,(anonymous_1)
DA:3,1
DA:4,1
DA:5,1
DA:6,1
DA:7,1
DA:8,1
DA:9,1
DA:10,1
DA:13,1
DA:14,0
DA:16,1
DA:19,1
DA:22,2
DA:30,1
DA:31,1
DA:34,1
DA:35,1
DA:37,1
LF:18
LH:17
BRDA:8,0,0,1
BRDA:8,0,1,0
BRDA:13,1,0,0
BRDA:13,1,1,1
BRDA:23,2,0,2
BRDA:23,2,1,2
BRDA:23,2,2,1
BRDA:23,2,3,1
BRF:8
BRH:6
end_of_record
TN:
SF:models\presentationModel.js
FNF:0
FNH:0
DA:2,1
DA:3,1
DA:4,1
DA:6,1
DA:29,1
LF:5
LH:5
BRF:0
BRH:0
end_of_record
TN:
SF:routes\presentationRoutes.js
FN:16,(anonymous_0)
FN:19,(anonymous_1)
FNF:2
FNH:0
FNDA:0,(anonymous_0)
FNDA:0,(anonymous_1)
DA:1,1
DA:2,1
DA:3,1
DA:4,1
DA:5,1
DA:6,1
DA:9,1
DA:10,1
DA:11,0
DA:15,1
DA:17,0
DA:20,0
DA:23,1
DA:26,1
DA:27,1
DA:28,1
DA:29,1
DA:31,1
LF:18
LH:15
BRDA:10,0,0,0
BRDA:10,0,1,1
BRF:2
BRH:1
end_of_record
